<?xml version="1.0" encoding="UTF-8"?>
<Site BuildName="Win32-mingw32-make"
	BuildStamp="20210520-1350-Experimental"
	Name="DESKTOP-A85URH8"
	Generator="ctest-3.19.2"
	CompilerName="D:/MinGW/mingw32/bin/g++.exe"
	CompilerVersion="4.9.2"
	OSName="Windows"
	Hostname="DESKTOP-A85URH8"
	OSRelease=" Professional"
	OSVersion=" (Build 19042)"
	OSPlatform="AMD64"
	Is64Bits="1"
	VendorString="GenuineIntel"
	VendorID="Intel Corporation"
	FamilyID="6"
	ModelID="13"
	ProcessorCacheSize="-1"
	NumberOfLogicalCPU="4"
	NumberOfPhysicalCPU="2"
	TotalVirtualMemory="12958"
	TotalPhysicalMemory="8094"
	LogicalProcessorsPerPhysical="2"
	ProcessorClockFrequency="2396"
	>
	<Testing>
		<StartDateTime>May 20 21:50 China Standard Time</StartDateTime>
		<StartTestTime>1621518600</StartTestTime>
		<TestList/>
		<EndDateTime>May 20 21:50 China Standard Time</EndDateTime>
		<EndTestTime>1621518600</EndTestTime>
		<ElapsedMinutes>0</ElapsedMinutes>
	</Testing>
</Site>
